[31mfatal[39m: Esta es una prueba de log error
[31mfatal[39m: Esta es una prueba de log error
[31mfatal[39m: Esta es una prueba de log error
[31mfatal[39m: Esta es una prueba de log error
{"level":"fatal","message":"Esta es una prueba de log errr"}
{"level":"fatal","message":"Esta es una prueba de log error"}
{"level":"error","message":"Esta es una prueba de log error"}
{"level":"warning","message":"Esta es una prueba de log warn"}
{"level":"info","message":"Esta es una prueba de log info"}
{"level":"fatal","message":"Esta es una prueba de log error"}
{"level":"fatal","message":"Esta es una prueba de log error"}
{"level":"error","message":"Esta es una prueba de log error"}
{"level":"warning","message":"Esta es una prueba de log warn"}
{"level":"info","message":"Esta es una prueba de log info"}
{"level":"fatal","message":"Esta es una prueba de log error"}
{"level":"fatal","message":"Esta es una prueba de log error"}
{"level":"fatal","message":"Esta es una prueba de log error"}
{"level":"error","message":"Esta es una prueba de log error"}
{"level":"warning","message":"Esta es una prueba de log warn"}
{"level":"info","message":"Esta es una prueba de log info"}
{"level":"http","message":"Esta es una prueba de log http"}
{"level":"debug","message":"Esta es una prueba de log debug"}
{"level":"fatal","message":"Esta es una prueba de log error"}
{"level":"error","message":"Esta es una prueba de log error"}
{"level":"warning","message":"Esta es una prueba de log warn"}
{"level":"info","message":"Esta es una prueba de log info"}
{"level":"http","message":"Esta es una prueba de log http"}
{"level":"debug","message":"Esta es una prueba de log debug"}
{"level":"fatal","message":"Esta es una prueba de log error"}
{"level":"error","message":"Esta es una prueba de log error"}
{"level":"warning","message":"Esta es una prueba de log warn"}
{"level":"info","message":"Esta es una prueba de log info"}
{"level":"http","message":"Esta es una prueba de log http"}
{"level":"debug","message":"Esta es una prueba de log debug"}
[31mfatal[39m: Esta es una prueba de log error
[35merror[39m: Esta es una prueba de log error
[30mwarning[39m: Esta es una prueba de log warn
[33minfo[39m: Esta es una prueba de log infosss
[34mhttp[39m: Esta es una prueba de log http
[37mdebug[39m: Esta es una prueba de log debug
{"level":"fatal","message":"Esta es una prueba de log error"}
{"level":"error","message":"Esta es una prueba de log error"}
{"level":"warning","message":"Esta es una prueba de log warn"}
{"level":"info","message":"Esta es una prueba de log infosss"}
{"level":"http","message":"Esta es una prueba de log http"}
{"level":"debug","message":"Esta es una prueba de log debug"}
{"level":"fatal","message":"Esta es una prueba de log error"}
{"level":"error","message":"Esta es una prueba de log error"}
{"level":"warning","message":"Esta es una prueba de log warn"}
{"level":"info","message":"Esta es una prueba de log infosss"}
{"level":"http","message":"Esta es una prueba de log http"}
{"level":"debug","message":"Esta es una prueba de log debug"}
{"level":"fatal","message":"Esta es una prueba de log error"}
{"level":"error","message":"Esta es una prueba de log error"}
{"level":"warning","message":"Esta es una prueba de log warn"}
{"level":"info","message":"Esta es una prueba de log infosss"}
{"level":"fatal","message":"Esta es una prueba de log error"}
{"level":"error","message":"Esta es una prueba de log error"}
{"level":"warning","message":"Esta es una prueba de log warn"}
{"level":"info","message":"Esta es una prueba de log infosss"}
{"level":"http","message":"Esta es una prueba de log http"}
{"level":"debug","message":"Esta es una prueba de log debug"}
{"level":"fatal","message":"Esta es una prueba de log error"}
{"level":"fatal","message":"Esta es una prueba de log error"}
{"level":"fatal","message":"Esta es una prueba de log error"}
{"level":"fatal","message":"Esta es una prueba de log error"}
{"level":"fatal","message":"Esta es una prueba de log error"}
{"level":"fatal","message":"Esta es una prueba de log error"}
{"level":"fatal","message":"Esta es una prueba de log error"}
{"level":"fatal","message":"Esta es una prueba de log error"}
{"level":"fatal","message":"Esta es una prueba de log error"}
{"level":"fatal","message":"Esta es una prueba de log error"}
{"level":"fatal","message":"Esta es una prueba de log error"}
{"level":"fatal","message":"Esta es una prueba de log error"}
{"level":"fatal","message":"Esta es una prueba de log error"}
{"level":"error","message":"Esta es una prueba de log error"}
{"level":"warning","message":"Esta es una prueba de log warn"}
{"level":"info","message":"Esta es una prueba de log infosss"}
{"level":"http","message":"Esta es una prueba de log http"}
{"level":"debug","message":"Esta es una prueba de log debug"}
{"level":"fatal","message":"Esta es una prueba de log error"}
{"level":"error","message":"Esta es una prueba de log error"}
{"level":"fatal","message":"Esta es una prueba de log error"}
{"level":"error","message":"Esta es una prueba de log error"}
{"level":"fatal","message":"Esta es una prueba de log error"}
{"level":"error","message":"Esta es una prueba de log error"}
{"level":"fatal","message":"Esta es una prueba de log error"}
{"level":"error","message":"Esta es una prueba de log error"}
{"level":"warning","message":"Esta es una prueba de log warn"}
{"level":"info","message":"Esta es una prueba de log infosss"}
{"level":"http","message":"Esta es una prueba de log http"}
{"level":"debug","message":"Esta es una prueba de log debug"}
{"level":"fatal","message":"Esta es una prueba de log error"}
{"level":"error","message":"Esta es una prueba de log error"}
{"level":"warning","message":"Esta es una prueba de log warn"}
{"level":"info","message":"Esta es una prueba de log infosss"}
{"level":"http","message":"Esta es una prueba de log http"}
{"level":"debug","message":"Esta es una prueba de log debug"}
{"level":"fatal","message":"Esta es una prueba de log error"}
{"level":"error","message":"Esta es una prueba de log error"}
{"level":"warning","message":"Esta es una prueba de log warn"}
{"level":"fatal","message":"Esta es una prueba de log error"}
{"level":"error","message":"Esta es una prueba de log error"}
{"level":"fatal","message":"Esta es una prueba de log error"}
{"level":"error","message":"Esta es una prueba de log error"}
{"level":"fatal","message":"Esta es una prueba de log error"}
{"level":"error","message":"Esta es una prueba de log error"}
{"level":"fatal","message":"Esta es una prueba de log error"}
{"level":"error","message":"Esta es una prueba de log error"}
{"level":"warning","message":"Esta es una prueba de log warn"}
{"level":"fatal","message":"Esta es una prueba de log error"}
{"level":"error","message":"Esta es una prueba de log error"}
{"level":"warning","message":"Esta es una prueba de log warn"}
{"level":"fatal","message":"Esta es una prueba de log error"}
{"level":"error","message":"Esta es una prueba de log error"}
{"level":"warning","message":"Esta es una prueba de log warn"}
{"level":"info","message":"Esta es una prueba de log infosss"}
{"level":"http","message":"Esta es una prueba de log http"}
{"level":"debug","message":"Esta es una prueba de log debug"}
{"level":"fatal","message":"Esta es una prueba de log error"}
{"level":"error","message":"Esta es una prueba de log error"}
{"level":"warning","message":"Esta es una prueba de log warn"}
{"level":"fatal","message":"Esta es una prueba de log error"}
{"level":"error","message":"Esta es una prueba de log error"}
{"level":"warning","message":"Esta es una prueba de log warn"}
{"level":"info","message":"Esta es una prueba de log infosss"}
{"level":"http","message":"Esta es una prueba de log http"}
{"level":"debug","message":"Esta es una prueba de log debug"}
{"level":"fatal","message":"Esta es una prueba de log error"}
{"level":"error","message":"Esta es una prueba de log error"}
{"level":"warning","message":"Esta es una prueba de log warn"}
{"level":"info","message":"Esta es una prueba de log infosss"}
{"level":"http","message":"Esta es una prueba de log http"}
{"level":"debug","message":"Esta es una prueba de log debug"}
{"level":"fatal","message":"Esta es una prueba de log error"}
{"level":"error","message":"Esta es una prueba de log error"}
{"level":"warning","message":"Esta es una prueba de log warn"}
{"level":"info","message":"Esta es una prueba de log infosss"}
{"level":"http","message":"Esta es una prueba de log http"}
{"level":"debug","message":"Esta es una prueba de log debug"}
{"level":"fatal","message":"Esta es una prueba de log error"}
{"level":"error","message":"Esta es una prueba de log error"}
{"level":"warning","message":"Esta es una prueba de log warn"}
{"level":"info","message":"Esta es una prueba de log infosss"}
{"cartId":"656f883f797f553baadd6bed","email":"marturiesco.costa@hotmail.com","exp":1705452920,"first_name":"Martina Riesco","iat":1705451120,"last_name":"","level":"info","message":"user rol","role":"user"}
{"cartId":"656f883f797f553baadd6bed","email":"marturiesco.costa@hotmail.com","exp":1705452920,"first_name":"Martina Riesco","iat":1705451120,"last_name":"","level":"info","message":"user rol","role":"user"}
{"cartId":"656f883f797f553baadd6bed","email":"marturiesco.costa@hotmail.com","exp":1705453403,"first_name":"Martina Riesco","iat":1705451603,"last_name":"","level":"info","message":"rol","role":"user"}
{"level":"info","message":"cart id req user"}
{"level":"fatal","message":"Esta es una prueba de log error"}
{"level":"error","message":"Esta es una prueba de log error"}
{"level":"warning","message":"Esta es una prueba de log warn"}
{"level":"info","message":"Esta es una prueba de log infos"}
